生成启动时间为 2017/4/26 20:46:44。
     1>项目“E:\My_Code\ConsoleApplication4\ConsoleApplication4\ConsoleApplication4.vcxproj”在节点 2 上(Build 个目标)。
     1>ClCompile:
         D:\Visual Studio\VC\bin\CL.exe /c /ZI /nologo /W3 /WX- /sdl /Od /Oy- /D WIN32 /D _DEBUG /D _CONSOLE /D _LIB /D _UNICODE /D UNICODE /Gm /EHsc /RTC1 /MDd /GS /fp:precise /Zc:wchar_t /Zc:forScope /Yc"stdafx.h" /Fp"Debug\ConsoleApplication4.pch" /Fo"Debug\\" /Fd"Debug\vc120.pdb" /Gd /TP /analyze- /errorReport:prompt stdafx.cpp
         stdafx.cpp
         D:\Visual Studio\VC\bin\CL.exe /c /ZI /nologo /W3 /WX- /sdl /Od /Oy- /D WIN32 /D _DEBUG /D _CONSOLE /D _LIB /D _UNICODE /D UNICODE /Gm /EHsc /RTC1 /MDd /GS /fp:precise /Zc:wchar_t /Zc:forScope /Yu"stdafx.h" /Fp"Debug\ConsoleApplication4.pch" /Fo"Debug\\" /Fd"Debug\vc120.pdb" /Gd /TP /analyze- /errorReport:prompt ConsoleApplication4.cpp
         ConsoleApplication4.cpp
     1>e:\my_code\consoleapplication4\consoleapplication4\consoleapplication4.cpp(29): error C3867: “std::vector<double,std::allocator<_Ty>>::begin”:  函数调用缺少参数列表；请使用“&std::vector<double,std::allocator<_Ty>>::begin”创建指向成员的指针
                 with
                 [
                     _Ty=double
                 ]
     1>e:\my_code\consoleapplication4\consoleapplication4\consoleapplication4.cpp(29): error C3867: “std::vector<double,std::allocator<_Ty>>::end”:  函数调用缺少参数列表；请使用“&std::vector<double,std::allocator<_Ty>>::end”创建指向成员的指针
                 with
                 [
                     _Ty=double
                 ]
     1>e:\my_code\consoleapplication4\consoleapplication4\consoleapplication4.cpp(29): error C2780: “_FwdIt std::max_element(_FwdIt,_FwdIt,_Pr)”: 应输入 3 个参数，却提供了 2 个
                 d:\visual studio\vc\include\algorithm(3973) : 参见“std::max_element”的声明
     1>e:\my_code\consoleapplication4\consoleapplication4\consoleapplication4.cpp(30): error C2679: 二进制“[”: 没有找到接受“std::_Vector_iterator<std::_Vector_val<std::_Simple_types<double>>>”类型的右操作数的运算符(或没有可接受的转换)
                 d:\visual studio\vc\include\vector(1196): 可能是“double &std::vector<double,std::allocator<_Ty>>::operator [](unsigned int)”
                 with
                 [
                     _Ty=double
                 ]
                 d:\visual studio\vc\include\vector(1180): 或       “const double &std::vector<double,std::allocator<_Ty>>::operator [](unsigned int) const”
                 with
                 [
                     _Ty=double
                 ]
                 尝试匹配参数列表“(const std::vector<double,std::allocator<_Ty>>, std::_Vector_iterator<std::_Vector_val<std::_Simple_types<double>>>)”时
                 with
                 [
                     _Ty=double
                 ]
     1>e:\my_code\consoleapplication4\consoleapplication4\consoleapplication4.cpp(30): error C2088: “[”: 对于 class 非法
     1>已完成生成项目“E:\My_Code\ConsoleApplication4\ConsoleApplication4\ConsoleApplication4.vcxproj”(Build 个目标)的操作 - 失败。

生成失败。

已用时间 00:00:03.75
