生成启动时间为 2016/4/26 19:32:56。
     1>项目“E:\My_Code\calculate7.8\calculate7.8\calculate7.8.vcxproj”在节点 2 上(Build 个目标)。
     1>ClCompile:
         D:\Visual Studio\VC\bin\CL.exe /c /ZI /nologo /W3 /WX- /sdl /Od /Oy- /D _MBCS /Gm /EHsc /RTC1 /MDd /GS /fp:precise /Zc:wchar_t /Zc:forScope /Fo"Debug\\" /Fd"Debug\vc120.pdb" /Gd /TP /analyze- /errorReport:prompt calculate7.8.cpp
         calculate7.8.cpp
     1>e:\my_code\calculate7.8\calculate7.8\calculate7.8.cpp(206): warning C4018: “<”: 有符号/无符号不匹配
     1>e:\my_code\calculate7.8\calculate7.8\calculate7.8.cpp(216): warning C4018: “<”: 有符号/无符号不匹配
     1>e:\my_code\calculate7.8\calculate7.8\calculate7.8.cpp(229): warning C4018: “<”: 有符号/无符号不匹配
     1>e:\my_code\calculate7.8\calculate7.8\std_lib_facilities.h(49): warning C4244: “初始化”: 从“double”转换到“int”，可能丢失数据
                 e:\my_code\calculate7.8\calculate7.8\calculate7.8.cpp(299): 参见对正在编译的函数 模板 实例化“Target narrow_cast<int,double>(Source)”的引用
                 with
                 [
                     Target=int
         ,            Source=double
                 ]
     1>e:\my_code\calculate7.8\calculate7.8\calculate7.8.cpp(164): warning C4715: “Token_stream::get”: 不是所有的控件路径都返回值
     1>e:\my_code\calculate7.8\calculate7.8\calculate7.8.cpp(209): warning C4715: “get_value”: 不是所有的控件路径都返回值
     1>e:\my_code\calculate7.8\calculate7.8\calculate7.8.cpp(273): warning C4715: “primary”: 不是所有的控件路径都返回值
       Link:
         D:\Visual Studio\VC\bin\link.exe /ERRORREPORT:PROMPT /OUT:"E:\My_Code\calculate7.8\Debug\calculate7.8.exe" /INCREMENTAL /NOLOGO kernel32.lib user32.lib gdi32.lib winspool.lib comdlg32.lib advapi32.lib shell32.lib ole32.lib oleaut32.lib uuid.lib odbc32.lib odbccp32.lib /MANIFEST /MANIFESTUAC:"level='asInvoker' uiAccess='false'" /manifest:embed /DEBUG /PDB:"E:\My_Code\calculate7.8\Debug\calculate7.8.pdb" /TLBID:1 /DYNAMICBASE /NXCOMPAT /IMPLIB:"E:\My_Code\calculate7.8\Debug\calculate7.8.lib" /MACHINE:X86 Debug\calculate7.8.obj
         calculate7.8.vcxproj -> E:\My_Code\calculate7.8\Debug\calculate7.8.exe
     1>已完成生成项目“E:\My_Code\calculate7.8\calculate7.8\calculate7.8.vcxproj”(Build 个目标)的操作。

生成成功。

已用时间 00:00:02.06
